{"/home/settlin/Documents/javascript/everest_coding_Kiki_cs/src/calculateOffer.js": {"path":"/home/settlin/Documents/javascript/everest_coding_Kiki_cs/src/calculateOffer.js","statementMap":{"0":{"start":{"line":2,"column":2},"end":{"line":2,"column":29}},"1":{"start":{"line":5,"column":0},"end":{"line":5,"column":31}}},"fnMap":{"0":{"name":"calculateOffer","decl":{"start":{"line":1,"column":9},"end":{"line":1,"column":23}},"loc":{"start":{"line":1,"column":26},"end":{"line":3,"column":1}},"line":1}},"branchMap":{},"s":{"0":1,"1":1},"f":{"0":1},"b":{},"_coverageSchema":"1a1c01bbd47fc00a2c39e90264f33305004495a9","hash":"3e05b5b79bb1e2fff2ebad6692bd9a1bd5397491"}
}
